SF:/Users/matthew/Projects/TlApiExample/TlApiExample/Program.cs
FN:14,System.Void TlApiExample.Program::Main(System.String[])
FNDA:0,System.Void TlApiExample.Program::Main(System.String[])
DA:15,0
DA:16,0
DA:17,0
FN:19,Microsoft.Extensions.Hosting.IHostBuilder TlApiExample.Program::CreateHostBuilder(System.String[])
FNDA:0,Microsoft.Extensions.Hosting.IHostBuilder TlApiExample.Program::CreateHostBuilder(System.String[])
DA:20,0
DA:21,0
DA:22,0
DA:23,0
DA:24,0
BRDA:20,12,0,0
BRDA:20,12,1,0
LF:8
LH:0
BRF:2
BRH:0
FNF:2
FNH:0
end_of_record
SF:/Users/matthew/Projects/TlApiExample/TlApiExample/Startup.cs
FN:17,Microsoft.Extensions.Configuration.IConfiguration TlApiExample.Startup::get_Configuration()
FNDA:0,Microsoft.Extensions.Configuration.IConfiguration TlApiExample.Startup::get_Configuration()
DA:18,0
FN:21,System.Void TlApiExample.Startup::ConfigureServices(Microsoft.Extensions.DependencyInjection.IServiceCollection)
FNDA:0,System.Void TlApiExample.Startup::ConfigureServices(Microsoft.Extensions.DependencyInjection.IServiceCollection)
DA:22,0
DA:23,0
DA:24,0
DA:25,0
DA:26,0
DA:29,0
DA:30,0
BRDA:25,32,0,0
BRDA:25,32,1,0
FN:33,System.Void TlApiExample.Startup::Configure(Microsoft.AspNetCore.Builder.IApplicationBuilder,Microsoft.AspNetCore.Hosting.IWebHostEnvironment)
FNDA:0,System.Void TlApiExample.Startup::Configure(Microsoft.AspNetCore.Builder.IApplicationBuilder,Microsoft.AspNetCore.Hosting.IWebHostEnvironment)
DA:34,0
DA:35,0
DA:36,0
DA:37,0
DA:38,0
DA:40,0
DA:42,0
DA:44,0
DA:45,0
DA:47,0
DA:48,0
DA:49,0
DA:50,0
DA:51,0
BRDA:35,9,0,0
BRDA:35,9,1,0
BRDA:47,55,0,0
BRDA:47,55,1,0
FN:12,System.Void TlApiExample.Startup::.ctor(Microsoft.Extensions.Configuration.IConfiguration)
FNDA:0,System.Void TlApiExample.Startup::.ctor(Microsoft.Extensions.Configuration.IConfiguration)
DA:13,0
DA:14,0
DA:15,0
DA:16,0
LF:26
LH:0
BRF:6
BRH:0
FNF:4
FNH:0
end_of_record
SF:/Users/matthew/Projects/TlApiExample/TlApiExample/Services/UserService.cs
FN:74,System.Void TlApiExample.Services.UserService::CreatePasswordHashAndSalt(System.String,System.Byte[]&,System.Byte[]&)
FNDA:16,System.Void TlApiExample.Services.UserService::CreatePasswordHashAndSalt(System.String,System.Byte[]&,System.Byte[]&)
DA:75,16
DA:76,16
DA:77,16
DA:78,16
DA:79,32
FN:81,System.Boolean TlApiExample.Services.UserService::VerifyPassword(System.String,System.Byte[],System.Byte[])
FNDA:3,System.Boolean TlApiExample.Services.UserService::VerifyPassword(System.String,System.Byte[],System.Byte[])
DA:82,3
DA:83,3
DA:84,3
DA:85,3
DA:86,262
DA:87,129
DA:88,130
DA:89,128
DA:90,2
DA:91,2
DA:92,3
BRDA:86,67,1,129
BRDA:88,45,0,1
BRDA:88,45,1,128
BRDA:86,67,0,2
FN:94,System.Void TlApiExample.Services.UserService::CreateUsers()
FNDA:8,System.Void TlApiExample.Services.UserService::CreateUsers()
DA:95,8
DA:96,8
DA:97,8
DA:98,8
DA:99,8
DA:100,8
DA:101,8
DA:102,8
DA:103,8
DA:104,8
DA:105,8
DA:106,8
DA:107,8
DA:108,8
DA:109,8
DA:110,8
DA:111,8
DA:112,8
DA:113,8
DA:114,8
FN:24,System.Void TlApiExample.Services.UserService::.ctor(Microsoft.AspNetCore.Http.IHttpContextAccessor)
FNDA:8,System.Void TlApiExample.Services.UserService::.ctor(Microsoft.AspNetCore.Http.IHttpContextAccessor)
DA:25,8
DA:29,8
DA:30,8
DA:31,8
DA:34,8
DA:35,8
FN:41,System.Boolean TlApiExample.Services.UserService/<>c__DisplayClass3_0::<AuthenticateAsync>b__0(TlApiExample.Entities.User)
FNDA:12,System.Boolean TlApiExample.Services.UserService/<>c__DisplayClass3_0::<AuthenticateAsync>b__0(TlApiExample.Entities.User)
DA:42,12
FN:37,System.Void TlApiExample.Services.UserService/<AuthenticateAsync>d__3::MoveNext()
FNDA:7,System.Void TlApiExample.Services.UserService/<AuthenticateAsync>d__3::MoveNext()
DA:38,7
DA:39,7
DA:40,3
DA:44,4
DA:45,1
DA:48,3
DA:49,1
DA:52,2
DA:53,2
DA:54,2
DA:56,2
DA:57,2
DA:58,2
DA:59,2
DA:60,2
DA:61,2
DA:62,2
DA:63,2
DA:64,2
DA:66,2
DA:67,7
BRDA:39,62,0,5
BRDA:39,62,1,2
BRDA:39,80,0,3
BRDA:39,80,1,4
BRDA:44,139,0,1
BRDA:44,139,1,3
BRDA:48,194,0,1
BRDA:48,194,1,2
FN:69,System.Void TlApiExample.Services.UserService/<Logout>d__4::MoveNext()
FNDA:2,System.Void TlApiExample.Services.UserService/<Logout>d__4::MoveNext()
DA:70,2
DA:71,2
DA:72,2
LF:67
LH:67
BRF:12
BRH:12
FNF:7
FNH:7
end_of_record
SF:/Users/matthew/Projects/TlApiExample/TlApiExample/Helpers/ExtensionMethods.cs
FN:8,TlApiExample.Entities.User TlApiExample.Helpers.Extensions::RemoveSensitiveFields(TlApiExample.Entities.User)
FNDA:2,TlApiExample.Entities.User TlApiExample.Helpers.Extensions::RemoveSensitiveFields(TlApiExample.Entities.User)
DA:9,2
DA:10,2
DA:11,2
DA:12,2
DA:13,2
LF:5
LH:5
BRF:0
BRH:0
FNF:1
FNH:1
end_of_record
SF:/Users/matthew/Projects/TlApiExample/TlApiExample/Entities/User.cs
FN:5,System.Guid TlApiExample.Entities.User::get_Guid()
FNDA:0,System.Guid TlApiExample.Entities.User::get_Guid()
DA:6,0
FN:6,System.String TlApiExample.Entities.User::get_Username()
FNDA:27,System.String TlApiExample.Entities.User::get_Username()
DA:7,27
FN:7,System.Byte[] TlApiExample.Entities.User::get_PasswordHash()
FNDA:22,System.Byte[] TlApiExample.Entities.User::get_PasswordHash()
DA:8,22
FN:8,System.Byte[] TlApiExample.Entities.User::get_PasswordSalt()
FNDA:22,System.Byte[] TlApiExample.Entities.User::get_PasswordSalt()
DA:9,22
LF:4
LH:3
BRF:0
BRH:0
FNF:4
FNH:3
end_of_record
SF:/Users/matthew/Projects/TlApiExample/TlApiExample/Controllers/TlApiController.cs
FN:18,Microsoft.AspNetCore.Mvc.IActionResult TlApiExample.Controllers.TlApiController::LoginConvenience(System.String,System.String)
FNDA:0,Microsoft.AspNetCore.Mvc.IActionResult TlApiExample.Controllers.TlApiController::LoginConvenience(System.String,System.String)
DA:19,0
DA:20,0
DA:22,0
DA:23,0
DA:25,0
DA:26,0
BRDA:22,21,0,0
BRDA:22,21,1,0
FN:10,System.Void TlApiExample.Controllers.TlApiController::.ctor(TlApiExample.Services.IUserService)
FNDA:0,System.Void TlApiExample.Controllers.TlApiController::.ctor(TlApiExample.Services.IUserService)
DA:11,0
DA:12,0
DA:13,0
DA:14,0
LF:10
LH:0
BRF:2
BRH:0
FNF:2
FNH:0
end_of_record